C51 COMPILER V9.01   MAIN                                                                  11/08/2014 23:42:26 PAGE 1   


C51 COMPILER V9.01, COMPILATION OF MODULE MAIN
OBJECT MODULE PLACED IN main.OBJ
COMPILER INVOKED BY: C:\Keil\C51\BIN\C51.EXE main.c BROWSE DEBUG OBJECTEXTEND

line level    source

   1          #include "reg52.h"
   2          #define IO P1
   3          #define time 500
   4          unsigned char key_number = 0;
   5          void key_board();
   6          void main()
   7          {
   8   1              while(1){
   9   2              key_board();
  10   2      
  11   2              }
  12   1      }
  13          void delay(unsigned int t)
  14          {
  15   1              while(t--);
  16   1      }
  17          void key_board()
  18          {
  19   1              unsigned char list,row,number;
  20   1              IO = 0xf0;      
  21   1              if(IO != 0xf0)
  22   1              {
  23   2                      delay(time);
  24   2                      if(IO != 0xf0)
  25   2                      {
  26   3                              row = IO;
  27   3                              row = row >> 4;
  28   3                              IO = 0X0F;
  29   3                              list = IO;
  30   3                              for(number = 0;(list&0x01) == 1;number ++)
  31   3                                      list = list >> 1;
  32   3                              key_number = number;
  33   3                              for(number = 0;(row&0x01) == 1;number ++)
  34   3                                      row = row >> 1;
  35   3                              key_number = key_number + (number*4);
  36   3                      }
  37   2              }
  38   1      }


MODULE INFORMATION:   STATIC OVERLAYABLE
   CODE SIZE        =     86    ----
   CONSTANT SIZE    =   ----    ----
   XDATA SIZE       =   ----    ----
   PDATA SIZE       =   ----    ----
   DATA SIZE        =      1    ----
   IDATA SIZE       =   ----    ----
   BIT SIZE         =   ----    ----
END OF MODULE INFORMATION.


C51 COMPILATION COMPLETE.  0 WARNING(S),  0 ERROR(S)
